<?xml version="1.0" encoding="UTF-8"?>
<coverage generated="1504599053965" clover="3.2.0">
  <project timestamp="1504599053965" name="All files">
    <metrics statements="10" coveredstatements="9" conditionals="0" coveredconditionals="0" methods="2" coveredmethods="2" elements="12" coveredelements="11" complexity="0" loc="10" ncloc="10" packages="1" files="2" classes="2">
      <file name="Search.js" path="/Users/plp-yashwant/react/complete-intro-to-react/js/Search.js">
        <metrics statements="7" coveredstatements="6" conditionals="0" coveredconditionals="0" methods="2" coveredmethods="2"/>
        <line num="6" count="1" type="stmt"/>
        <line num="8" count="1" type="stmt"/>
        <line num="13" count="0" type="stmt"/>
        <line num="16" count="1" type="stmt"/>
        <line num="17" count="1" type="stmt"/>
        <line num="24" count="21" type="stmt"/>
        <line num="26" count="21" type="stmt"/>
      </file>
      <file name="ShowCard.js" path="/Users/plp-yashwant/react/complete-intro-to-react/js/ShowCard.js">
        <metrics statements="3" coveredstatements="3" conditionals="0" coveredconditionals="0" methods="0" coveredmethods="0"/>
        <line num="2" count="1" type="stmt"/>
        <line num="3" count="1" type="stmt"/>
        <line num="12" count="21" type="stmt"/>
      </file>
    </metrics>
  </project>
</coverage>
