{"/Users/plp-yashwant/react/complete-intro-to-react/js/Search.js": {"path":"/Users/plp-yashwant/react/complete-intro-to-react/js/Search.js","statementMap":{"0":{"start":{"line":6,"column":15},"end":{"line":35,"column":2}},"1":{"start":{"line":8,"column":4},"end":{"line":10,"column":5}},"2":{"start":{"line":13,"column":4},"end":{"line":13,"column":51}},"3":{"start":{"line":16,"column":4},"end":{"line":16,"column":30}},"4":{"start":{"line":17,"column":4},"end":{"line":33,"column":7}},"5":{"start":{"line":24,"column":42},"end":{"line":24,"column":141}},"6":{"start":{"line":26,"column":12},"end":{"line":28,"column":13}}},"fnMap":{"0":{"name":"(anonymous_0)","decl":{"start":{"line":24,"column":32},"end":{"line":24,"column":33}},"loc":{"start":{"line":24,"column":42},"end":{"line":24,"column":141}},"line":24},"1":{"name":"(anonymous_1)","decl":{"start":{"line":25,"column":15},"end":{"line":25,"column":16}},"loc":{"start":{"line":25,"column":25},"end":{"line":29,"column":11}},"line":25}},"branchMap":{},"s":{"0":1,"1":1,"2":0,"3":1,"4":1,"5":21,"6":21},"f":{"0":21,"1":21},"b":{},"_coverageSchema":"332fd63041d2c1bcb487cc26dd0d5f7d97098a6c","hash":"88518a67b9a4763a25ca34cc6c41d6ca57b6c83d"}
,"/Users/plp-yashwant/react/complete-intro-to-react/js/ShowCard.js": {"path":"/Users/plp-yashwant/react/complete-intro-to-react/js/ShowCard.js","statementMap":{"0":{"start":{"line":2,"column":17},"end":{"line":2,"column":32}},"1":{"start":{"line":3,"column":17},"end":{"line":23,"column":2}},"2":{"start":{"line":12,"column":4},"end":{"line":21,"column":7}}},"fnMap":{},"branchMap":{},"s":{"0":1,"1":1,"2":21},"f":{},"b":{},"_coverageSchema":"332fd63041d2c1bcb487cc26dd0d5f7d97098a6c","hash":"011533fa38c9118b10dd56d8e50db569511c805b"}
}
